[debug] [2025-10-28T21:32:17.320Z] ----------------------------------------------------------------------
[debug] [2025-10-28T21:32:17.321Z] Command:       C:\nvm4w\nodejs\node.exe C:\nvm4w\nodejs\node_modules\firebase-tools\lib\bin\firebase.js deploy --only hosting
[debug] [2025-10-28T21:32:17.321Z] CLI Version:   14.20.0
[debug] [2025-10-28T21:32:17.321Z] Platform:      win32
[debug] [2025-10-28T21:32:17.321Z] Node Version:  v24.8.0
[debug] [2025-10-28T21:32:17.321Z] Time:          Wed Oct 29 2025 01:32:17 GMT+0400 (Georgia Standard Time)
[debug] [2025-10-28T21:32:17.321Z] ----------------------------------------------------------------------
[debug] 
[debug] [2025-10-28T21:32:17.405Z] > command requires scopes: ["email","openid","https://www.googleapis.com/auth/cloudplatformprojects.readonly","https://www.googleapis.com/auth/firebase","https://www.googleapis.com/auth/cloud-platform"]
[debug] [2025-10-28T21:32:17.405Z] > authorizing via signed-in user (tornikeiarajuli@gmail.com)
[debug] [2025-10-28T21:32:17.405Z] [iam] checking project fightmatch-45bf4 for permissions ["firebase.projects.get","firebasehosting.sites.update"]
[debug] [2025-10-28T21:32:17.406Z] Checked if tokens are valid: true, expires at: 1761690134762
[debug] [2025-10-28T21:32:17.406Z] Checked if tokens are valid: true, expires at: 1761690134762
[debug] [2025-10-28T21:32:17.406Z] >>> [apiv2][query] POST https://cloudresourcemanager.googleapis.com/v1/projects/fightmatch-45bf4:testIamPermissions [none]
[debug] [2025-10-28T21:32:17.406Z] >>> [apiv2][(partial)header] POST https://cloudresourcemanager.googleapis.com/v1/projects/fightmatch-45bf4:testIamPermissions x-goog-quota-user=projects/fightmatch-45bf4
[debug] [2025-10-28T21:32:17.406Z] >>> [apiv2][body] POST https://cloudresourcemanager.googleapis.com/v1/projects/fightmatch-45bf4:testIamPermissions {"permissions":["firebase.projects.get","firebasehosting.sites.update"]}
[debug] [2025-10-28T21:32:18.561Z] <<< [apiv2][status] POST https://cloudresourcemanager.googleapis.com/v1/projects/fightmatch-45bf4:testIamPermissions 200
[debug] [2025-10-28T21:32:18.561Z] <<< [apiv2][body] POST https://cloudresourcemanager.googleapis.com/v1/projects/fightmatch-45bf4:testIamPermissions {"permissions":["firebase.projects.get","firebasehosting.sites.update"]}
[debug] [2025-10-28T21:32:18.562Z] Checked if tokens are valid: true, expires at: 1761690134762
[debug] [2025-10-28T21:32:18.562Z] Checked if tokens are valid: true, expires at: 1761690134762
[debug] [2025-10-28T21:32:18.562Z] >>> [apiv2][query] GET https://firebase.googleapis.com/v1beta1/projects/fightmatch-45bf4 [none]
[debug] [2025-10-28T21:32:19.103Z] <<< [apiv2][status] GET https://firebase.googleapis.com/v1beta1/projects/fightmatch-45bf4 200
[debug] [2025-10-28T21:32:19.103Z] <<< [apiv2][body] GET https://firebase.googleapis.com/v1beta1/projects/fightmatch-45bf4 {"projectId":"fightmatch-45bf4","projectNumber":"897012307107","displayName":"FightMatch","name":"projects/fightmatch-45bf4","resources":{"hostingSite":"fightmatch-45bf4"},"state":"ACTIVE","etag":"1_4a683974-a245-4025-849a-a5f399cf13e9"}
[info] 
[info] === Deploying to 'fightmatch-45bf4'...
[info] 
[info] i  deploying hosting 
[debug] [2025-10-28T21:32:19.105Z] Checked if tokens are valid: true, expires at: 1761690134762
[debug] [2025-10-28T21:32:19.105Z] Checked if tokens are valid: true, expires at: 1761690134762
[debug] [2025-10-28T21:32:19.105Z] >>> [apiv2][query] POST https://firebasehosting.googleapis.com/v1beta1/projects/-/sites/fightmatch-45bf4/versions [none]
[debug] [2025-10-28T21:32:19.105Z] >>> [apiv2][body] POST https://firebasehosting.googleapis.com/v1beta1/projects/-/sites/fightmatch-45bf4/versions {"status":"CREATED","labels":{"deployment-tool":"cli-firebase"}}
